This is pdfTeX, Version 3.14159265-2.6-1.40.17 (TeX Live 2016) (preloaded format=pdflatex 2016.5.22)  31 JAN 2019 20:54
entering extended mode
 restricted \write18 enabled.
 file:line:error style messages enabled.
 %&-line parsing enabled.
**A1report.tex
(./A1report.tex
LaTeX2e <2016/03/31>
Babel <3.9r> and hyphenation patterns for 83 language(s) loaded.
(/usr/local/texlive/2016/texmf-dist/tex/latex/base/article.cls
Document Class: article 2014/09/29 v1.4h Standard LaTeX document class
(/usr/local/texlive/2016/texmf-dist/tex/latex/base/size10.clo
File: size10.clo 2014/09/29 v1.4h Standard LaTeX file (size option)
)
\c@part=\count79
\c@section=\count80
\c@subsection=\count81
\c@subsubsection=\count82
\c@paragraph=\count83
\c@subparagraph=\count84
\c@figure=\count85
\c@table=\count86
\abovecaptionskip=\skip41
\belowcaptionskip=\skip42
\bibindent=\dimen102
)
(/usr/local/texlive/2016/texmf-dist/tex/generic/babel/babel.sty
Package: babel 2016/04/23 3.9r The Babel package

(/usr/local/texlive/2016/texmf-dist/tex/generic/babel-english/english.ldf
Language: english 2012/08/20 v3.3p English support from the babel system

(/usr/local/texlive/2016/texmf-dist/tex/generic/babel/babel.def
File: babel.def 2016/04/23 3.9r Babel common definitions
\babel@savecnt=\count87
\U@D=\dimen103
)
\l@canadian = a dialect from \language\l@american 
\l@australian = a dialect from \language\l@british 
\l@newzealand = a dialect from \language\l@british 
))
(/usr/local/texlive/2016/texmf-dist/tex/latex/amsmath/amsmath.sty
Package: amsmath 2016/03/10 v2.15b AMS math features
\@mathmargin=\skip43

For additional information on amsmath, use the `?' option.
(/usr/local/texlive/2016/texmf-dist/tex/latex/amsmath/amstext.sty
Package: amstext 2000/06/29 v2.01 AMS text

(/usr/local/texlive/2016/texmf-dist/tex/latex/amsmath/amsgen.sty
File: amsgen.sty 1999/11/30 v2.0 generic functions
\@emptytoks=\toks14
\ex@=\dimen104
))
(/usr/local/texlive/2016/texmf-dist/tex/latex/amsmath/amsbsy.sty
Package: amsbsy 1999/11/29 v1.2d Bold Symbols
\pmbraise@=\dimen105
)
(/usr/local/texlive/2016/texmf-dist/tex/latex/amsmath/amsopn.sty
Package: amsopn 2016/03/08 v2.02 operator names
)
\inf@bad=\count88
LaTeX Info: Redefining \frac on input line 199.
\uproot@=\count89
\leftroot@=\count90
LaTeX Info: Redefining \overline on input line 297.
\classnum@=\count91
\DOTSCASE@=\count92
LaTeX Info: Redefining \ldots on input line 394.
LaTeX Info: Redefining \dots on input line 397.
LaTeX Info: Redefining \cdots on input line 518.
\Mathstrutbox@=\box26
\strutbox@=\box27
\big@size=\dimen106
LaTeX Font Info:    Redeclaring font encoding OML on input line 634.
LaTeX Font Info:    Redeclaring font encoding OMS on input line 635.
\macc@depth=\count93
\c@MaxMatrixCols=\count94
\dotsspace@=\muskip10
\c@parentequation=\count95
\dspbrk@lvl=\count96
\tag@help=\toks15
\row@=\count97
\column@=\count98
\maxfields@=\count99
\andhelp@=\toks16
\eqnshift@=\dimen107
\alignsep@=\dimen108
\tagshift@=\dimen109
\tagwidth@=\dimen110
\totwidth@=\dimen111
\lineht@=\dimen112
\@envbody=\toks17
\multlinegap=\skip44
\multlinetaggap=\skip45
\mathdisplay@stack=\toks18
LaTeX Info: Redefining \[ on input line 2739.
LaTeX Info: Redefining \] on input line 2740.
)
(/usr/local/texlive/2016/texmf-dist/tex/latex/amsfonts/amssymb.sty
Package: amssymb 2013/01/14 v3.01 AMS font symbols

(/usr/local/texlive/2016/texmf-dist/tex/latex/amsfonts/amsfonts.sty
Package: amsfonts 2013/01/14 v3.01 Basic AMSFonts support
\symAMSa=\mathgroup4
\symAMSb=\mathgroup5
LaTeX Font Info:    Overwriting math alphabet `\mathfrak' in version `bold'
(Font)                  U/euf/m/n --> U/euf/b/n on input line 106.
))
(/usr/local/texlive/2016/texmf-dist/tex/latex/graphics/graphicx.sty
Package: graphicx 2014/10/28 v1.0g Enhanced LaTeX Graphics (DPC,SPQR)

(/usr/local/texlive/2016/texmf-dist/tex/latex/graphics/keyval.sty
Package: keyval 2014/10/28 v1.15 key=value parser (DPC)
\KV@toks@=\toks19
)
(/usr/local/texlive/2016/texmf-dist/tex/latex/graphics/graphics.sty
Package: graphics 2016/05/09 v1.0r Standard LaTeX Graphics (DPC,SPQR)

(/usr/local/texlive/2016/texmf-dist/tex/latex/graphics/trig.sty
Package: trig 2016/01/03 v1.10 sin cos tan (DPC)
)
(/usr/local/texlive/2016/texmf-dist/tex/latex/graphics-cfg/graphics.cfg
File: graphics.cfg 2016/01/02 v1.10 sample graphics configuration
)
Package graphics Info: Driver file: pdftex.def on input line 96.

(/usr/local/texlive/2016/texmf-dist/tex/latex/pdftex-def/pdftex.def
File: pdftex.def 2011/05/27 v0.06d Graphics/color for pdfTeX

(/usr/local/texlive/2016/texmf-dist/tex/generic/oberdiek/infwarerr.sty
Package: infwarerr 2016/05/16 v1.4 Providing info/warning/error messages (HO)
)
(/usr/local/texlive/2016/texmf-dist/tex/generic/oberdiek/ltxcmds.sty
Package: ltxcmds 2016/05/16 v1.23 LaTeX kernel commands for general use (HO)
)
\Gread@gobject=\count100
))
\Gin@req@height=\dimen113
\Gin@req@width=\dimen114
)
(./A1report.aux)
\openout1 = `A1report.aux'.

LaTeX Font Info:    Checking defaults for OML/cmm/m/it on input line 11.
LaTeX Font Info:    ... okay on input line 11.
LaTeX Font Info:    Checking defaults for T1/cmr/m/n on input line 11.
LaTeX Font Info:    ... okay on input line 11.
LaTeX Font Info:    Checking defaults for OT1/cmr/m/n on input line 11.
LaTeX Font Info:    ... okay on input line 11.
LaTeX Font Info:    Checking defaults for OMS/cmsy/m/n on input line 11.
LaTeX Font Info:    ... okay on input line 11.
LaTeX Font Info:    Checking defaults for OMX/cmex/m/n on input line 11.
LaTeX Font Info:    ... okay on input line 11.
LaTeX Font Info:    Checking defaults for U/cmr/m/n on input line 11.
LaTeX Font Info:    ... okay on input line 11.

(/usr/local/texlive/2016/texmf-dist/tex/context/base/mkii/supp-pdf.mkii
[Loading MPS to PDF converter (version 2006.09.02).]
\scratchcounter=\count101
\scratchdimen=\dimen115
\scratchbox=\box28
\nofMPsegments=\count102
\nofMParguments=\count103
\everyMPshowfont=\toks20
\MPscratchCnt=\count104
\MPscratchDim=\dimen116
\MPnumerator=\count105
\makeMPintoPDFobject=\count106
\everyMPtoPDFconversion=\toks21
) (/usr/local/texlive/2016/texmf-dist/tex/generic/oberdiek/pdftexcmds.sty
Package: pdftexcmds 2016/05/10 v0.21 Utility functions of pdfTeX for LuaTeX (HO
)

(/usr/local/texlive/2016/texmf-dist/tex/generic/oberdiek/ifluatex.sty
Package: ifluatex 2016/05/16 v1.4 Provides the ifluatex switch (HO)
Package ifluatex Info: LuaTeX not detected.
)
(/usr/local/texlive/2016/texmf-dist/tex/generic/oberdiek/ifpdf.sty
Package: ifpdf 2016/05/14 v3.1 Provides the ifpdf switch
)
Package pdftexcmds Info: LuaTeX not detected.
Package pdftexcmds Info: \pdf@primitive is available.
Package pdftexcmds Info: \pdf@ifprimitive is available.
Package pdftexcmds Info: \pdfdraftmode found.
)
(/usr/local/texlive/2016/texmf-dist/tex/latex/oberdiek/epstopdf-base.sty
Package: epstopdf-base 2016/05/15 v2.6 Base part for package epstopdf

(/usr/local/texlive/2016/texmf-dist/tex/latex/oberdiek/grfext.sty
Package: grfext 2016/05/16 v1.2 Manage graphics extensions (HO)

(/usr/local/texlive/2016/texmf-dist/tex/generic/oberdiek/kvdefinekeys.sty
Package: kvdefinekeys 2016/05/16 v1.4 Define keys (HO)
))
(/usr/local/texlive/2016/texmf-dist/tex/latex/oberdiek/kvoptions.sty
Package: kvoptions 2016/05/16 v3.12 Key value format for package options (HO)

(/usr/local/texlive/2016/texmf-dist/tex/generic/oberdiek/kvsetkeys.sty
Package: kvsetkeys 2016/05/16 v1.17 Key value parser (HO)

(/usr/local/texlive/2016/texmf-dist/tex/generic/oberdiek/etexcmds.sty
Package: etexcmds 2016/05/16 v1.6 Avoid name clashes with e-TeX commands (HO)
Package etexcmds Info: Could not find \expanded.
(etexcmds)             That can mean that you are not using pdfTeX 1.50 or
(etexcmds)             that some package has redefined \expanded.
(etexcmds)             In the latter case, load this package earlier.
)))
Package grfext Info: Graphics extension search list:
(grfext)             [.png,.pdf,.jpg,.mps,.jpeg,.jbig2,.jb2,.PNG,.PDF,.JPG,.JPE
G,.JBIG2,.JB2,.eps]
(grfext)             \AppendGraphicsExtensions on input line 456.

(/usr/local/texlive/2016/texmf-dist/tex/latex/latexconfig/epstopdf-sys.cfg
File: epstopdf-sys.cfg 2010/07/13 v1.3 Configuration of (r)epstopdf for TeX Liv
e
))
LaTeX Font Info:    Try loading font information for U+msa on input line 12.

(/usr/local/texlive/2016/texmf-dist/tex/latex/amsfonts/umsa.fd
File: umsa.fd 2013/01/14 v3.01 AMS symbols A
)
LaTeX Font Info:    Try loading font information for U+msb on input line 12.

(/usr/local/texlive/2016/texmf-dist/tex/latex/amsfonts/umsb.fd
File: umsb.fd 2013/01/14 v3.01 AMS symbols B
) [1

{/usr/local/texlive/2016/texmf-var/fonts/map/pdftex/updmap/pdftex.map}]
<./images/ucb_pred.png, id=9, 1052.93375pt x 580.1675pt>
File: ./images/ucb_pred.png Graphic file (type png)

<use ./images/ucb_pred.png>
Package pdftex.def Info: ./images/ucb_pred.png used on input line 20.
(pdftex.def)             Requested size: 210.58302pt x 116.03143pt.

<./images/eps_pred.png, id=11, 1110.1475pt x 624.3325pt>
File: ./images/eps_pred.png Graphic file (type png)

<use ./images/eps_pred.png>
Package pdftex.def Info: ./images/eps_pred.png used on input line 21.
(pdftex.def)             Requested size: 222.02556pt x 124.86429pt.

<./images/ucb_opt.png, id=12, 1030.85126pt x 600.2425pt>
File: ./images/ucb_opt.png Graphic file (type png)

<use ./images/ucb_opt.png>
Package pdftex.def Info: ./images/ucb_opt.png used on input line 27.
(pdftex.def)             Requested size: 206.1666pt x 120.04637pt.

<./images/eps_opt.png, id=13, 1007.765pt x 617.30624pt>
File: ./images/eps_opt.png Graphic file (type png)

<use ./images/eps_opt.png>
Package pdftex.def Info: ./images/eps_opt.png used on input line 28.
(pdftex.def)             Requested size: 201.54942pt x 123.45906pt.
 [2 <./images/ucb_pred.png> <./images/eps_pred.png>]
<./images/ucb_rew.png, id=21, 991.705pt x 567.11874pt>
File: ./images/ucb_rew.png Graphic file (type png)

<use ./images/ucb_rew.png>
Package pdftex.def Info: ./images/ucb_rew.png used on input line 34.
(pdftex.def)             Requested size: 198.33748pt x 113.42174pt.

<./images/eps_rew.png, id=22, 962.59625pt x 539.01375pt>
File: ./images/eps_rew.png Graphic file (type png)

<use ./images/eps_rew.png>
Package pdftex.def Info: ./images/eps_rew.png used on input line 35.
(pdftex.def)             Requested size: 192.51584pt x 107.80083pt.


LaTeX Warning: `h' float specifier changed to `ht'.

[3 <./images/ucb_opt.png> <./images/eps_opt.png>]
<./images/nlla_pred_hlr.png, id=32, 1067.99pt x 603.25375pt>
File: ./images/nlla_pred_hlr.png Graphic file (type png)

<use ./images/nlla_pred_hlr.png>
Package pdftex.def Info: ./images/nlla_pred_hlr.png used on input line 50.
(pdftex.def)             Requested size: 213.59422pt x 120.6486pt.

<./images/nlla_pred_llr.png, id=33, 1052.93375pt x 546.04pt>
File: ./images/nlla_pred_llr.png Graphic file (type png)

<use ./images/nlla_pred_llr.png>
Package pdftex.def Info: ./images/nlla_pred_llr.png used on input line 51.
(pdftex.def)             Requested size: 210.58302pt x 109.20605pt.


LaTeX Warning: `h' float specifier changed to `ht'.

<./images/lla_pred_hlr.png, id=34, 1015.795pt x 592.2125pt>
File: ./images/lla_pred_hlr.png Graphic file (type png)

<use ./images/lla_pred_hlr.png>
Package pdftex.def Info: ./images/lla_pred_hlr.png used on input line 57.
(pdftex.def)             Requested size: 203.1554pt x 118.4404pt.

<./images/lla_pred_llr.png, id=35, 1022.82124pt x 555.07375pt>
File: ./images/lla_pred_llr.png Graphic file (type png)

<use ./images/lla_pred_llr.png>
Package pdftex.def Info: ./images/lla_pred_llr.png used on input line 58.
(pdftex.def)             Requested size: 204.56062pt x 111.01277pt.


LaTeX Warning: `h' float specifier changed to `ht'.

[4 <./images/ucb_rew.png> <./images/eps_rew.png>]
<./images/nlla_opt_hlr.png, id=41, 997.7275pt x 621.32124pt>
File: ./images/nlla_opt_hlr.png Graphic file (type png)

<use ./images/nlla_opt_hlr.png>
Package pdftex.def Info: ./images/nlla_opt_hlr.png used on input line 69.
(pdftex.def)             Requested size: 199.54196pt x 124.26204pt.

<./images/nlla_opt_llr.png, id=42, 1058.95625pt x 596.2275pt>
File: ./images/nlla_opt_llr.png Graphic file (type png)

<use ./images/nlla_opt_llr.png>
Package pdftex.def Info: ./images/nlla_opt_llr.png used on input line 70.
(pdftex.def)             Requested size: 211.78749pt x 119.24338pt.


LaTeX Warning: `h' float specifier changed to `ht'.

<./images/lla_opt_hlr.png, id=43, 921.4425pt x 615.29875pt>
File: ./images/lla_opt_hlr.png Graphic file (type png)

<use ./images/lla_opt_hlr.png>
Package pdftex.def Info: ./images/lla_opt_hlr.png used on input line 76.
(pdftex.def)             Requested size: 184.28523pt x 123.05756pt.

<./images/lla_opt_llr.png, id=44, 926.46124pt x 500.87125pt>
File: ./images/lla_opt_llr.png Graphic file (type png)

<use ./images/lla_opt_llr.png>
Package pdftex.def Info: ./images/lla_opt_llr.png used on input line 77.
(pdftex.def)             Requested size: 185.28896pt x 100.17247pt.


LaTeX Warning: `h' float specifier changed to `ht'.

[5 <./images/nlla_pred_hlr.png> <./images/nlla_pred_llr.png>] [6 <./images/lla_
pred_hlr.png> <./images/lla_pred_llr.png>] [7 <./images/nlla_opt_hlr.png> <./im
ages/nlla_opt_llr.png>] [8 <./images/lla_opt_hlr.png> <./images/lla_opt_llr.png
>] (./A1report.aux) ) 
Here is how much of TeX's memory you used:
 2862 strings out of 493014
 38534 string characters out of 6133351
 104209 words of memory out of 5000000
 6352 multiletter control sequences out of 15000+600000
 10629 words of font info for 42 fonts, out of 8000000 for 9000
 1141 hyphenation exceptions out of 8191
 37i,7n,26p,1239b,302s stack positions out of 5000i,500n,10000p,200000b,80000s
</usr/local/texlive/2016/texmf-dist/fonts/type1/public/ams
fonts/cm/cmex10.pfb></usr/local/texlive/2016/texmf-dist/fonts/type1/public/amsf
onts/cm/cmmi10.pfb></usr/local/texlive/2016/texmf-dist/fonts/type1/public/amsfo
nts/cm/cmmi5.pfb></usr/local/texlive/2016/texmf-dist/fonts/type1/public/amsfont
s/cm/cmmi7.pfb></usr/local/texlive/2016/texmf-dist/fonts/type1/public/amsfonts/
cm/cmr10.pfb></usr/local/texlive/2016/texmf-dist/fonts/type1/public/amsfonts/cm
/cmr12.pfb></usr/local/texlive/2016/texmf-dist/fonts/type1/public/amsfonts/cm/c
mr17.pfb></usr/local/texlive/2016/texmf-dist/fonts/type1/public/amsfonts/cm/cmr
7.pfb></usr/local/texlive/2016/texmf-dist/fonts/type1/public/amsfonts/cm/cmti10
.pfb>
Output written on A1report.pdf (8 pages, 2433600 bytes).
PDF statistics:
 96 PDF objects out of 1000 (max. 8388607)
 48 compressed objects within 1 object stream
 0 named destinations out of 1000 (max. 500000)
 71 words of extra memory for PDF output out of 10000 (max. 10000000)

